<?xml version="1.0" encoding="UTF-8"?>
<!-- Generated by org.testng.reporters.JUnitReportReporter -->
<testsuite hostname="DESKTOP-TCBCG20" failures="0" tests="1" name="Seleniumassignment.SeleniumAssig2" time="9.435" errors="0" timestamp="2021-08-31T23:12:15 IST" skipped="0">
  <testcase classname="Seleniumassignment.SeleniumAssig2" name="test" time="9.435"/>
  <system-out/>
</testsuite> <!-- Seleniumassignment.SeleniumAssig2 -->
